GO 1 2
GO 1 3
GO 1 6
GO 1 26
GO 2 62
GO 3 63
GO 6 66
GO 26 86
GO 62 8
GO 62 20
GO 62 15
GO 62 27
GO 62 4
GO 62 14
GO 63 22
GO 63 19
GO 63 29
GO 66 7
GO 66 10
GO 66 13
GO 66 16
GO 66 11
GO 8 68
GO 20 80
GO 15 75
GO 27 87
GO 4 64
GO 14 74
GO 22 82
GO 19 79
GO 29 89
GO 7 67
GO 10 70
GO 13 73
GO 16 76
GO 11 71
GO 68 9
GO 68 28
GO 68 18
GO 75 17
GO 75 24
GO 87 12
GO 87 21
GO 64 5
GO 64 25
GO 82 30
1 3 3
3 63 34
63 22 3
22 82 46
82 30 48
ans 3
GO 1 2
GO 1 6
GO 1 26
GO 2 62
GO 6 66
GO 26 86
GO 62 8
GO 62 20
GO 62 15
GO 62 27
GO 62 4
GO 62 14
GO 66 7
GO 66 10
GO 66 13
GO 66 16
GO 66 11
GO 86 29
GO 8 68
GO 20 80
GO 15 75
GO 27 87
GO 4 64
GO 14 74
GO 7 67
GO 10 70
GO 13 73
GO 16 76
GO 11 71
GO 29 89
GO 68 9
GO 68 19
GO 68 28
GO 68 18
GO 75 17
GO 75 24
GO 87 12
GO 87 21
GO 64 3
GO 64 5
GO 64 25
GO 71 23
GO 9 69
GO 19 79
GO 28 88
GO 18 78
GO 17 77
GO 24 84
GO 12 72
GO 21 81
GO 3 63
GO 5 65
GO 25 85
GO 23 83
GO 88 22
GO 88 30
1 2 17
2 62 7
62 8 18
8 68 10
68 28 24
28 88 1
88 30 7
ans 4
GO 1 2
GO 1 6
GO 1 26
GO 2 62
GO 6 66
GO 26 86
GO 62 8
GO 62 20
GO 62 15
GO 62 27
GO 62 4
GO 62 14
GO 66 7
GO 66 10
GO 66 13
GO 66 16
GO 66 11
GO 86 29
GO 8 68
GO 20 80
GO 15 75
GO 27 87
GO 4 64
GO 14 74
GO 7 67
GO 10 70
GO 13 73
GO 16 76
GO 11 71
GO 29 89
GO 68 9
GO 68 19
GO 68 28
GO 68 18
GO 75 17
GO 75 24
GO 87 12
GO 87 21
GO 64 3
GO 64 5
GO 64 25
GO 71 23
GO 9 69
GO 19 79
GO 18 78
GO 17 77
GO 24 84
GO 12 72
GO 21 81
GO 3 63
GO 5 65
GO 25 85
GO 23 83
GO 84 30
1 2 16
2 62 6
62 15 26
15 75 31
75 24 45
24 84 1
84 30 10
ans 5
GO 1 2
GO 1 6
GO 1 26
GO 2 62
GO 6 66
GO 26 86
GO 62 8
GO 62 20
GO 62 15
GO 62 27
GO 62 4
GO 62 14
GO 66 7
GO 66 10
GO 66 13
GO 66 16
GO 66 11
GO 86 29
GO 8 68
GO 20 80
GO 15 75
GO 27 87
GO 4 64
GO 14 74
GO 7 67
GO 10 70
GO 13 73
GO 16 76
GO 11 71
GO 29 89
GO 68 9
GO 68 19
GO 68 28
GO 68 18
GO 75 17
GO 75 24
GO 87 12
GO 87 21
GO 64 3
GO 64 5
GO 64 25
GO 71 23
GO 9 69
GO 19 79
GO 18 78
GO 17 77
GO 12 72
GO 21 81
GO 3 63
GO 5 65
GO 25 85
GO 23 83
GO 85 22
GO 22 82
GO 82 30
1 2 15
2 62 5
62 4 35
4 64 26
64 25 46
25 85 33
85 22 32
22 82 43
82 30 45
ans 10
GO 1 2
GO 1 6
GO 1 26
GO 6 66
GO 26 86
GO 66 7
GO 66 10
GO 66 13
GO 66 15
GO 66 16
GO 66 14
GO 66 11
GO 86 27
GO 86 29
GO 7 67
GO 10 70
GO 13 73
GO 15 62
GO 15 75
GO 16 76
GO 14 74
GO 11 71
GO 27 87
GO 29 89
GO 67 12
GO 67 28
GO 67 5
GO 70 21
GO 73 24
GO 62 8
GO 62 20
GO 62 4
GO 75 17
GO 75 18
GO 71 23
GO 71 9
GO 89 3
GO 12 72
GO 28 68
GO 5 65
GO 21 81
GO 20 80
GO 4 64
GO 17 77
GO 18 78
GO 23 83
GO 9 69
GO 3 63
GO 68 19
GO 64 25
GO 19 79
GO 25 85
GO 85 22
GO 22 82
GO 82 30
1 6 16
6 66 39
66 15 28
15 62 1
62 4 30
4 64 21
64 25 41
25 85 28
85 22 27
22 82 38
82 30 40
ans 11
GO 1 2
GO 1 6
GO 1 26
GO 6 66
GO 26 86
GO 66 7
GO 66 10
GO 66 13
GO 66 15
GO 66 16
GO 66 14
GO 66 11
GO 86 27
GO 86 29
GO 7 67
GO 10 70
GO 13 73
GO 15 75
GO 16 76
GO 14 74
GO 11 71
GO 27 87
GO 29 89
GO 67 12
GO 67 28
GO 67 5
GO 70 21
GO 73 24
GO 75 17
GO 75 18
GO 75 20
GO 76 8
GO 71 23
GO 71 9
GO 89 3
GO 12 72
GO 28 68
GO 5 65
GO 21 81
GO 17 77
GO 18 78
GO 20 80
GO 8 62
GO 23 83
GO 9 69
GO 3 63
GO 68 19
GO 65 4
GO 19 79
GO 4 64
GO 64 25
GO 25 85
GO 85 22
GO 22 82
GO 82 30
1 6 15
6 66 38
66 7 14
7 67 36
67 5 46
5 65 36
65 4 12
4 64 20
64 25 40
25 85 27
85 22 26
22 82 37
82 30 39
ans 23
GO 1 2
GO 1 6
GO 1 26
GO 6 66
GO 26 86
GO 66 7
GO 66 10
GO 66 13
GO 66 15
GO 66 16
GO 66 14
GO 66 11
GO 86 27
GO 86 29
GO 7 67
GO 10 70
GO 13 73
GO 15 75
GO 16 76
GO 14 74
GO 11 71
GO 27 87
GO 29 89
GO 67 12
GO 67 28
GO 67 5
GO 70 21
GO 73 24
GO 75 17
GO 75 18
GO 75 20
GO 76 8
GO 71 23
GO 71 9
GO 89 3
GO 12 72
GO 28 68
GO 5 65
GO 21 81
GO 17 77
GO 18 78
GO 20 80
GO 8 62
GO 23 83
GO 9 69
GO 3 63
GO 68 19
GO 62 4
GO 19 79
GO 4 64
GO 64 25
GO 25 85
GO 85 22
GO 22 82
GO 82 30
1 6 3
6 66 26
66 16 24
16 76 12
76 8 20
8 62 1
62 4 29
4 64 8
64 25 28
25 85 15
85 22 14
22 82 25
82 30 27
ans 24
GO 1 2
GO 1 6
GO 1 26
GO 6 66
GO 26 86
GO 66 7
GO 66 10
GO 66 13
GO 66 15
GO 66 16
GO 66 14
GO 66 11
GO 86 27
GO 86 29
GO 7 67
GO 10 70
GO 13 73
GO 15 75
GO 16 76
GO 14 74
GO 11 71
GO 27 87
GO 29 89
GO 67 12
GO 67 28
GO 67 5
GO 70 21
GO 73 24
GO 75 17
GO 75 18
GO 75 20
GO 76 8
GO 71 23
GO 71 9
GO 89 3
GO 12 72
GO 28 68
GO 5 65
GO 21 81
GO 17 77
GO 18 78
GO 20 80
GO 23 83
GO 9 69
GO 3 63
GO 68 19
GO 63 4
GO 19 79
GO 4 62
GO 4 64
GO 64 25
GO 25 85
GO 85 22
GO 22 82
GO 82 30
1 26 38
26 86 1
86 29 49
29 89 20
89 3 46
3 63 31
63 4 4
4 64 7
64 25 27
25 85 14
85 22 13
22 82 24
82 30 26
ans 25
GO 1 2
GO 1 6
GO 1 26
GO 6 66
GO 66 7
GO 66 10
GO 66 13
GO 66 15
GO 66 16
GO 66 14
GO 66 11
GO 7 67
GO 10 70
GO 13 73
GO 15 75
GO 16 76
GO 14 74
GO 11 71
GO 67 12
GO 67 28
GO 67 5
GO 70 21
GO 73 24
GO 75 17
GO 75 18
GO 75 20
GO 76 8
GO 74 29
GO 71 23
GO 71 9
GO 12 72
GO 28 68
GO 5 65
GO 21 81
GO 17 77
GO 18 78
GO 20 80
GO 29 86
GO 29 89
GO 23 83
GO 9 69
GO 72 27
GO 68 19
GO 89 3
GO 27 87
GO 19 79
GO 3 63
GO 63 4
GO 4 62
GO 4 64
GO 64 25
GO 25 85
GO 85 22
GO 22 82
GO 82 30
1 6 2
6 66 25
66 14 16
14 74 6
74 29 34
29 89 19
89 3 45
3 63 30
63 4 3
4 64 6
64 25 26
25 85 13
85 22 12
22 82 23
82 30 25
ans 27
GO 1 2
GO 1 26
27
