4 1 0 
1 
5 
3 
2 
3 
4 
5 
6 
7 
9 8 
9 
10 
0 1 4 5 6 7 8 9 10 11 12 Calling circles for data set 1:
emperor, chevy, expired
caroline
acne
exclusion
nominated
electro
develops, casey
bufing

11 6 10 1 
3 
5 14 2 13 0 
1 
2 
3 
4 
5 
6 
9 7 
8 
9 
10 
11 
12 
13 
14 
2 3 4 5 6 7 8 9 10 11 12 13 14 15 16 Calling circles for data set 2:
sally, disciplinary, abraham, charitable, complimentary
viral
belfast
pens
stephanie
baghdad, settle
charging
rendered
refrigerator
briefs

14 23 11 20 15 17 6 7 8 16 21 13 2 3 5 10 4 1 0 
1 
2 
3 
4 
5 
6 
7 
8 
19 
9 
10 
11 
12 
13 
14 
15 
16 
17 
18 
19 
20 
21 
22 
23 
24 
0 1 2 3 4 5 6 7 8 10 11 12 13 14 15 16 17 18 19 20 21 22 23 24 25 Calling circles for data set 3:
cardiff, disciplines, myth, shark, wesley, outputs, papua, jackie, restored, namespace, parcel, educated, shine, computation, tions, stan, leone, dozens, varies
tear
watershed
washer
editorials
deviation
waiver

11 5 2 3 9 6 7 10 1 0 
1 
2 
3 
4 
5 
6 
7 
8 
9 
10 
11 
0 1 2 3 4 5 6 7 8 9 10 11 Calling circles for data set 4:
hyundai, mime, hayes, elevation, walt, mattress, jenny, cornwall, prerequisite, oecd
preston
alloy

6 18 9 16 23 24 15 8 2 3 10 17 19 7 5 13 14 1 0 
1 
2 
3 
11 
4 
5 
6 
7 
8 
9 
10 
11 
12 
13 
14 
15 
16 
17 
18 
19 
22 
20 
21 
22 
23 
24 
0 1 2 3 5 6 7 8 9 10 11 12 13 14 15 16 17 18 19 20 22 23 24 25 26 Calling circles for data set 5:
mime, gazette, gradually, dock, musician, logan, leone, mixer, cathedral, wallet, wiring, requesting, tribunal, broader, upset, realtor, adolescent, purse, fraser
laden
openings
lesser
webpage
verde
incidence

14 9 4 10 5 12 3 6 7 8 2 13 1 0 
1 
2 
3 
4 
5 
6 
7 
8 
9 
10 
11 
12 
13 
14 
0 1 2 3 4 5 6 7 8 9 10 11 12 13 14 Calling circles for data set 6:
polished, passive, lexus, privilege, specially, corrected, vagina, dried, brook, upset, entertaining, performer, receivers, workout
chevy

1 
0 
1 
2 
3 
4 
5 
14 
6 
7 
8 
9 
10 
11 
12 
13 
14 
15 
16 
17 
1 2 3 4 5 6 8 9 10 11 12 13 14 15 16 17 18 19 Calling circles for data set 7:
vegetarian
johns
undo
insulin
importantly
shine
burlington
mysimon
hypothesis
incidence
appropriations
muscles
brakes
respected
panic
intimate
cindy
potato

12 11 16 19 18 9 6 3 5 10 13 14 2 4 7 1 0 
1 
2 
3 
4 
5 
6 
7 
8 
9 
10 
11 
12 
13 
14 
15 
16 
17 
18 
19 
20 
0 1 2 3 4 5 6 7 8 9 10 11 12 13 14 15 16 17 18 19 20 Calling circles for data set 8:
stays, thinkpad, champagne, pipes, travels, cheque, oman, scholar, retrieval, sticky, derek, referenced, heated, hayes, gazette, nirvana, donors
commitments
strikes
mixer
mustang

0 
0 Calling circles for data set 9:
donors

1 
0 
1 
2 
3 
18 
4 
5 
8 
9 
6 
15 
16 
19 
13 
7 
8 
9 
10 
11 
12 
13 
14 
15 
16 
17 
18 
19 
1 2 3 4 6 7 10 15 16 17 18 19 20 21 22 23 24 25 26 27 Calling circles for data set 10:
investigated
annotated
pierce
sbjct
invision
harley
johns
incidents
framing
refined
utilization
disciplinary
magical
luther
kinda
scuba
gays
vsnet
declined
samba

1 
0 
1 
13 
17 14 18 5 11 16 7 9 10 3 4 2 
3 
4 
5 
6 
7 
8 
9 
10 
11 
12 
13 
14 
15 
16 
17 
18 
1 2 4 5 6 7 8 9 10 11 12 13 14 15 16 17 18 19 20 Calling circles for data set 11:
beginner
introductory
coated, jenny, counted, mentor, omissions, brochures, accent, adaptor, petite, fridge, bedford, usda
lighter
intersection
pork
ratios
utilize

1 
0 
1 
7 2 
3 
4 
11 
5 
6 
7 
8 
9 
10 
11 
12 
13 
14 
1 2 3 4 5 7 8 9 10 11 12 13 14 15 16 Calling circles for data set 12:
opponent
disclose
pockets, demographic
heel
beginner
halo
vagina
niagara
madness
bedford
celebs
educated
disciplines
jenny

1 
0 
1 
2 
3 
4 
5 
1 2 3 4 5 6 Calling circles for data set 13:
homeless
navigator
scuba
performer
atmospheric
dylan

2 1 
4 3 0 
1 
2 
3 
4 
10 
5 
6 
7 
8 
9 
10 
11 
1 2 3 4 5 7 8 9 10 11 12 13 Calling circles for data set 14:
journalist, reliance, acne
deaf
tracy
plastics
travelling
fathers
barn
diffs
complement
scenic

5 8 16 4 3 6 2 15 9 20 1 0 
1 
2 
3 
4 
5 
6 
10 
7 
8 
9 
10 
18 
14 
19 23 22 11 
12 
13 
14 
15 
16 
17 
18 
19 
20 
21 
22 
23 
0 1 2 3 4 5 6 8 9 10 11 14 15 16 17 18 19 20 21 22 23 24 25 26 Calling circles for data set 15:
feof, bloody, deadly, watershed, hypothesis, expired, economies, paraguay, ensemble, azerbaijan, renewable, lately
yale
framing
triumph, buses, token, favors
unnecessary
suited
barn
retrieval
advisors
annoying

6 11 4 2 3 1 0 
1 
2 
3 
4 
5 
6 
7 
8 
9 
10 
11 
0 1 2 3 4 5 6 7 8 9 10 11 Calling circles for data set 16:
reservoir, superintendent, burke, moss, hearings, gaps, badge
chevy
blocking
hypothesis
jackie
renewable

18 16 15 10 12 2 5 8 13 4 3 7 9 11 14 17 1 0 
1 
2 
3 
4 
5 
6 
7 
8 
9 
10 
11 
12 
13 
14 
15 
16 
17 
18 
19 
20 
21 
0 1 2 3 4 5 6 7 8 9 10 11 12 13 14 15 16 17 18 19 20 21 Calling circles for data set 17:
squirt, lexus, webpage, apparatus, hungry, revisions, decimal, warriors, buys, palestine, lafayette, dispatch, gays, remind, gale, bedford, bite, hash
ratios
mumbai
designation
motherboard

1 
0 
1 
2 
3 
4 
5 
6 
7 
8 
9 
10 
11 
12 
13 
1 2 3 4 5 6 7 8 9 10 11 12 13 14 Calling circles for data set 18:
geology
julian
councils
recovered
hint
allan
pensions
tuner
coleman
fraser
palestine
apparatus
cindy
dash

19 20 15 24 12 4 14 11 18 6 5 10 17 8 9 13 2 22 23 3 16 1 0 
1 
2 
3 
4 
5 
6 
7 
8 
9 
10 
11 
12 
13 
14 
15 
16 
17 
18 
19 
20 
21 
22 
23 
24 
0 1 2 3 4 5 6 7 8 9 10 11 12 13 14 15 16 17 18 19 20 21 22 23 24 Calling circles for data set 19:
cardiff, prototype, titled, denial, condos, token, raises, cork, encountered, finals, fraser, libs, craps, collectors, edgar, alike, masturbation, sagem, baths, senators, achievements, stan, favors
mysimon
nato

1 
0 
1 
2 
3 
9 
13 
4 
5 
6 
7 
11 
8 
9 
10 
11 
12 
13 
14 
15 
1 2 3 4 7 8 9 10 12 13 14 15 16 17 18 19 Calling circles for data set 20:
samba
belfast
masturbation
cardiovascular
alternatively
publicity
peripheral
welding
sexuality
allan
invitations
ferrari
vagina
daughters
elliott
bunny

13 7 4 6 14 2 9 1 0 
1 
2 
3 
4 
5 
6 
7 
8 
9 
15 
10 
12 
11 
12 
13 
14 
15 
16 
17 
18 
0 1 2 3 4 5 6 7 8 9 11 13 14 15 16 17 18 19 20 Calling circles for data set 21:
bloomberg, sorts, reservoir, hypothesis, gibraltar, habits, ventures, thinkpad, purse
pastor
employ
charming
denial
merry
ambassador
gasoline
lanes
striking
phenomenon

2 1 0 
1 
2 
0 1 2 Calling circles for data set 22:
gasoline, coating, nationally

1 
8 
20 12 15 17 7 18 2 3 5 13 19 4 10 6 14 9 11 0 
1 
2 
3 
4 
5 
6 
7 
8 
9 
10 
11 
12 
13 
14 
15 
16 
17 
18 
19 
20 
2 3 4 5 6 7 8 9 10 11 12 13 14 15 16 17 18 19 20 21 22 Calling circles for data set 23:
flavor, intimate, merger, disciplines, riders, refrigerator, cage, courage, dispatch, utilization, conclude, weighted, purse, validity, deaf, prix, postcard, alternatively
clearing
blah
donors

1 
0 
1 
2 
24 
7 10 16 4 
11 
6 
3 
4 
5 
6 
7 
8 
9 
10 
11 
12 
13 
14 
21 
15 
16 
18 
17 
18 
19 
23 
20 
21 
22 
23 
24 
1 2 3 8 9 10 11 12 13 14 15 16 17 18 19 21 22 24 25 26 28 29 30 31 32 Calling circles for data set 24:
variance
miracle
sewing
dramatically
destiny
valued
curves
moss
breach
parcel
locking
cancelled
rage
merry
ballot
characterized
trustee
pasta
dependence
conversations
rosa
accompanying
peripheral
passwords
televisions

5 7 8 21 19 13 11 18 6 9 10 15 2 3 12 1 0 
1 
2 
3 
4 
5 
6 
7 
8 
9 
10 
11 
12 
13 
14 
15 
16 
17 
18 
19 
20 
21 
0 1 2 3 4 5 6 7 8 9 10 11 12 13 14 15 16 17 18 19 20 21 Calling circles for data set 25:
nato, shine, duplicate, vatican, consistency, doom, cornwall, travels, pens, vietnamese, malawi, rendered, yugoslavia, exclusion, flavor, differently, shorter
nomination
helicopter
learners
anthropology
homeless

8 10 13 6 7 11 2 5 4 14 3 12 1 0 
1 
2 
3 
4 
5 
6 
7 
8 
9 
10 
11 
12 
13 
14 
0 1 2 3 4 5 6 7 8 9 10 11 12 13 14 Calling circles for data set 26:
hayes, bufing, transsexual, opponent, pledge, gays, cardiac, hostel, accent, informative, replacing, nickel, liberia, refined
sacrifice

7 5 3 4 2 6 1 0 
1 
2 
3 
4 
5 
6 
7 
0 1 2 3 4 5 6 7 Calling circles for data set 27:
adrian, mentor, vegetarian, contacting, lawsuit, belts, qualifying, beside

1 
14 0 
1 
2 
3 
4 
5 
6 
7 
8 
9 
10 
11 
12 
13 
14 
1 2 3 4 5 6 7 8 9 10 11 12 13 14 15 Calling circles for data set 28:
refugees, draws
characterization
nextel
dried
namespace
pillow
bibliographic
drove
worcester
charitable
yale
develops
expedia
specialties

1 
0 
1 
2 
3 
1 2 3 4 Calling circles for data set 29:
armor
encountered
proudly
serum

2 1 
4 
0 
1 
2 
3 
4 
2 3 4 5 6 Calling circles for data set 30:
introductory
arbitration
catalyst
housewives
stranger

9 13 2 10 18 15 14 22 7 4 23 17 3 5 6 11 24 1 0 
1 
2 
3 
4 
5 
6 
7 
21 
19 
8 
9 
10 
11 
12 
13 
14 
15 
16 
17 
18 
19 
20 
21 
22 
23 
24 
0 1 2 3 4 5 6 7 10 11 12 13 14 15 16 17 18 19 20 21 22 23 24 25 26 Calling circles for data set 31:
antibody, papua, focal, afterwards, bucks, contamination, ambient, fascinating, grad, charms, sexuality, anaheim, align, divx, specially, paraguay, analyzed, validity, baking
zinc
prayers
invision
bumper
momentum
dramatically

7 4 2 6 8 1 0 
1 
2 
3 
4 
5 
6 
7 
8 
0 1 2 3 4 5 6 7 8 Calling circles for data set 32:
skating, moses, delight, mixer, libs, squirt, emacs
boating
lately

1 
5 6 2 3 4 0 
1 
2 
3 
4 
5 
6 
7 
1 2 3 4 5 6 7 8 Calling circles for data set 33:
endorsed, decimal, hash, reporters, belfast, utilize
rebound
opponent

1 
2 
4 0 
1 
2 
3 
4 
2 3 4 5 6 Calling circles for data set 34:
batman, tuner
leon
sperm
postcard

1 
2 0 
1 
2 
4 
14 3 
4 
5 
6 
9 
19 
7 
8 
9 
10 
15 
18 
11 
21 12 
13 
14 
15 
16 
17 
18 
19 
20 
21 
22 
23 
1 2 3 5 6 7 8 11 12 13 14 17 18 19 20 21 22 23 24 25 26 27 28 29 Calling circles for data set 35:
angola, homeless
qualities
griffin, climb
intimate
munich
obesity
televisions
aruba
cingular
receivers
relying
differently, routines
handjobs
watershed
passwords
religions
collectors
brakes
mustang
continuity
bacterial

1 
8 4 6 9 
11 5 10 12 0 
1 
2 
3 
4 
5 
6 
13 
7 
8 
9 
10 
11 
12 
13 
14 
2 3 4 5 6 7 8 10 11 12 13 14 15 16 17 Calling circles for data set 36:
omissions, bumper, tear, urls, qualities
circles
ratios
moses
marking
fridge
specialties
chassis
refrigerator
pledge
kenny

3 5 2 4 1 0 
1 
2 
3 
4 
5 
6 
0 1 2 3 4 5 6 Calling circles for data set 37:
journalist, conscious, unnecessary, hostels, habits, gasoline
briefs

1 
6 8 12 13 3 7 2 0 
1 
2 
3 
5 
4 
5 
6 
7 
8 
9 
10 
11 
12 
13 
1 2 3 4 6 7 8 9 10 11 12 13 14 15 Calling circles for data set 38:
assured, elliott, finals, talented, extraction, empirical, relying, engaging
alot
adaptive
cleared
purse
pastor
touring

2 3 1 0 
1 
2 
3 
0 1 2 3 Calling circles for data set 39:
wrist, preston, pockets, lazy

1 
3 
0 
1 
2 
3 
4 
5 
2 3 4 5 6 7 Calling circles for data set 40:
strand
anaheim
marking
cove
navigator
manually

5 2 4 11 8 9 3 6 1 0 
1 
2 
3 
4 
5 
6 
7 
8 
9 
10 
11 
0 1 2 3 4 5 6 7 8 9 10 11 Calling circles for data set 41:
dryer, deaf, supplemental, draws, pale, beverages, bras, tooth, tsunami, develops
replacing
arbitration

13 10 22 7 9 6 19 3 2 4 11 14 18 21 5 8 16 1 0 
1 
2 
3 
4 
5 
6 
7 
8 
9 
10 
11 
12 
13 
14 
15 
16 
17 
18 
19 
20 
21 
22 
0 1 2 3 4 5 6 7 8 9 10 11 12 13 14 15 16 17 18 19 20 21 22 Calling circles for data set 42:
elliott, differently, yields, rolled, hypothetical, heath, liberia, limiting, framing, vietnamese, signatures, aquatic, wrist, brook, tooth, educated, undertake, compromise, mime
velvet
zinc
hungry
mods

2 1 
0 
1 
2 
3 
1 2 3 4 Calling circles for data set 43:
orgasm
wendy
unlock
confidentiality

4 5 6 2 3 9 1 0 
1 
2 
3 
4 
5 
6 
11 
7 
8 
9 
13 
10 
11 
12 
13 
0 1 2 3 4 5 6 8 9 10 12 13 14 15 Calling circles for data set 44:
publicity, allan, sbjct, merry, blowing, tomatoes, occupations, convertible
interference
scout
investigators
medicines
lighter
jenny

2 3 7 15 1 
4 
0 
1 
2 
3 
4 
5 
6 
7 
8 
11 12 9 
10 
11 
12 
13 
14 
15 
2 3 4 5 6 7 8 9 10 11 12 13 14 15 16 17 Calling circles for data set 45:
regression
convergence
chevy
trainers
pushing
characterization
aruba
podcasts
fears
televisions, advisors, brutal
undertake
catalyst
nickel
oman

5 7 12 6 2 9 11 16 4 13 10 3 8 15 17 1 0 
1 
2 
3 
4 
5 
6 
7 
8 
9 
10 
11 
12 
13 
14 
15 
16 
17 
0 1 2 3 4 5 6 7 8 9 10 11 12 13 14 15 16 17 Calling circles for data set 46:
pushing, utilize, sapphire, restored, passwords, occurring, mixer, paragraphs, remark, boxed, drilling, brutal, vagina, cardiovascular, sherman, superintendent, liberia
emperor

9 11 17 19 7 13 5 6 8 14 18 15 2 16 3 1 0 
1 
2 
3 
4 
5 
6 
7 
8 
9 
10 
11 
12 
13 
14 
15 
16 
17 
18 
19 
0 1 2 3 4 5 6 7 8 9 10 11 12 13 14 15 16 17 18 19 Calling circles for data set 47:
endangered, annotated, owns, coated, trustee, nest, greensboro, intimate, portraits, optimize, plastics, enhancing, urls, moss, vatican, jackie, simpsons
pensions
expired
sherman

1 0 
1 
2 
0 1 2 Calling circles for data set 48:
wrapped, configuring
mpegs

1 
0 
1 
2 
1 2 3 Calling circles for data set 49:
journalist
conscious
sewing

1 
0 
1 
2 
3 
4 
1 2 3 4 5 Calling circles for data set 50:
compromise
functioning
expired
opponents
zinc

2 3 5 1 
0 
1 
2 
3 
7 
4 
5 
6 
7 
8 
1 2 3 4 6 7 8 9 10 Calling circles for data set 51:
conscious
convinced
vegetarian
obesity
sally
fought
jewel
dana
samba

1 0 
1 
0 1 Calling circles for data set 52:
suggesting, interpreted

1 
0 
1 
2 
3 
1 2 3 4 Calling circles for data set 53:
travelling
senegal
educated
intend

9 10 8 6 5 4 3 2 1 0 
1 
2 
3 
4 
5 
6 
7 
8 
9 
10 
11 
0 1 2 3 4 5 6 7 8 9 10 11 Calling circles for data set 54:
pencil, slovak, bald, worcester, emacs, thinkpad, angela, pasta, gibraltar, purse
collectors
papua

7 1 0 
1 
3 
9 
10 6 4 5 8 2 
3 
4 
5 
6 
7 
8 
9 
10 
0 1 4 5 6 7 8 9 10 11 12 Calling circles for data set 55:
corrected, rendered, charms
radios, dome, suspected, educated, yang, expedia
sperm
garcia

5 7 2 4 1 0 
1 
2 
3 
4 
5 
6 
7 
0 1 2 3 4 5 6 7 Calling circles for data set 56:
medicines, andorra, clusters, contamination, buys, privileges
remedies
purse

2 1 0 
1 
2 
0 1 2 Calling circles for data set 57:
curtis, nest, skating

1 
0 
1 
6 
7 
14 
18 11 17 10 13 16 3 12 5 4 15 8 9 2 
3 
4 
5 
6 
7 
8 
9 
10 
11 
12 
13 
14 
15 
16 
17 
18 
1 2 6 7 8 9 10 11 12 13 14 15 16 17 18 19 20 21 22 Calling circles for data set 58:
emerald
petite
colon, gossip, declare, seekers, collectors, disciplinary, yale, smilies, miracle, cove, reasoning, steal, carb, thinkpad
walt
softball
hitachi

4 9 8 2 3 5 7 1 0 
1 
2 
3 
4 
5 
6 
7 
8 
9 
0 1 2 3 4 5 6 7 8 9 Calling circles for data set 59:
continuity, dryer, flex, avon, eval, penetration, skirts, bedford, oecd
heel

4 6 9 2 8 17 13 14 15 3 5 7 10 11 1 0 
1 
2 
3 
4 
5 
6 
7 
8 
9 
10 
11 
12 
13 
14 
15 
16 
17 
0 1 2 3 4 5 6 7 8 9 10 11 12 13 14 15 16 17 Calling circles for data set 60:
respected, intervals, bras, baghdad, skirts, rwanda, stopping, mines, appropriations, lesser, nvidia, altered, counted, rendering, johns, waterproof
powerseller
mauritius

4 7 11 12 3 14 2 9 18 1 
0 
1 
2 
3 
4 
16 
6 5 
6 
7 
8 
9 
10 
11 
12 
13 
14 
15 
16 
17 
18 
1 2 3 4 5 7 8 9 10 11 12 13 14 15 16 17 18 19 20 Calling circles for data set 61:
bloody
televisions
keen
waiver
instructors
prefers, token
altered
controversial
phenomenon
hugh
cameroon
halo
incl
reasoning
hypothesis
utilization
rebound
specialties

0 
0 Calling circles for data set 62:
bloody

3 13 7 9 5 14 2 15 10 16 8 4 11 1 0 
1 
2 
3 
4 
5 
6 
7 
8 
9 
10 
11 
12 
13 
14 
15 
16 
0 1 2 3 4 5 6 7 8 9 10 11 12 13 14 15 16 Calling circles for data set 63:
allowance, sticky, councils, qualifying, passive, cameroon, mines, valued, pale, annotated, revisions, relates, economies, denial, enhancing
curtis
magical

6 23 22 24 15 18 5 7 16 4 20 9 13 17 12 2 3 8 11 14 1 0 
1 
2 
3 
4 
5 
6 
7 
8 
9 
10 
11 
12 
13 
14 
15 
16 
17 
18 
19 
20 
21 
22 
23 
24 
0 1 2 3 4 5 6 7 8 9 10 11 12 13 14 15 16 17 18 19 20 21 22 23 24 Calling circles for data set 64:
denial, gaps, efficiently, guards, maui, complimentary, predictions, pierce, owns, zinc, secretariat, singh, washer, nickel, rolled, dubai, compromise, toddler, drilling, mali, discrete, opponents
pavilion
buys
mpegs

1 
19 
0 
1 
4 
9 
6 
11 
14 
2 
7 
10 
3 
4 
5 
6 
7 
8 
9 
10 
11 
12 
13 
14 
15 
16 
17 
18 
19 
20 
21 
22 
2 3 9 12 13 14 15 16 17 18 19 20 21 22 23 24 25 26 27 28 29 30 31 Calling circles for data set 65:
pontiac
tsunami
scout
cardiff
nudity
trusts
appropriations
bloody
teaches
gilbert
sticks
touring
organised
hamburg
badge
ruled
cliff
laughing
yugoslavia
champagne
performs
niagara
housewives

3 2 4 5 1 0 
1 
2 
3 
4 
5 
0 1 2 3 4 5 Calling circles for data set 66:
niagara, analyzed, routines, performer, counted, entertaining

1 
0 
1 
2 
3 
4 
5 
6 
7 
8 
9 
10 
11 
12 
19 
17 
13 
14 
15 
16 
17 
18 
19 
20 
21 
1 2 3 4 5 6 7 8 9 10 11 12 13 16 17 18 19 20 21 22 23 24 Calling circles for data set 67:
efficiently
wrapped
trustee
councils
tribunal
dried
changelog
serbia
herb
utilize
elevation
derby
elect
helmet
textbook
walnut
demonstrates
joins
influences
rendered
angola
banana

6 2 3 4 5 1 0 
1 
2 
3 
4 
5 
6 
7 
0 1 2 3 4 5 6 7 Calling circles for data set 68:
fundamentals, warriors, beats, dependence, deferred, restrict, banners
textbook

1 
5 6 2 4 0 
1 
2 
3 
4 
5 
6 
7 
1 2 3 4 5 6 7 8 Calling circles for data set 69:
basement, validity, drainage, disciplinary, rolled
unlock
simplified
gently

1 
0 
1 
2 
3 
4 
5 
6 
7 
8 
15 
9 
11 
17 
10 
11 
12 
13 
14 
15 
16 
17 
1 2 3 4 5 6 7 8 9 11 14 15 16 17 18 19 20 21 Calling circles for data set 70:
antibody
flux
heath
textbook
altered
walnut
pipes
metres
reject
designation
integrating
introductory
libs
corners
warriors
shorter
religions
disciplines

17 2 7 9 12 13 5 3 4 20 11 15 16 1 0 
1 
2 
3 
4 
5 
6 
7 
8 
9 
10 
11 
12 
13 
14 
15 
16 
17 
18 
19 
20 
0 1 2 3 4 5 6 7 8 9 10 11 12 13 14 15 16 17 18 19 20 Calling circles for data set 71:
picking, revisions, buys, ensemble, flush, needle, maui, helicopter, competent, bloomberg, mixer, scuba, functioning, adaptor, reforms
antibody
herb
opponents
sacrifice
parcel
freeze

13 16 15 4 10 18 14 5 8 19 17 3 6 21 2 12 7 22 1 0 
1 
2 
3 
4 
5 
6 
7 
8 
20 
9 
10 
11 
12 
13 
14 
15 
16 
17 
18 
19 
20 
21 
22 
0 1 2 3 4 5 6 7 8 10 11 12 13 14 15 16 17 18 19 20 21 22 23 Calling circles for data set 72:
hamburg, afterwards, writings, cakes, hash, clusters, conclude, recovered, washer, continuity, preston, peas, garlic, convergence, cadillac, realtor, cardiac, firewire, dispatch, align
italia
centered
champagne

1 
12 21 3 19 16 24 2 8 20 14 6 9 4 7 13 15 17 22 5 11 0 
1 
2 
3 
4 
5 
6 
7 
8 
9 
10 
11 
12 
13 
14 
15 
16 
17 
18 
19 
20 
21 
22 
23 
24 
1 2 3 4 5 6 7 8 9 10 11 12 13 14 15 16 17 18 19 20 21 22 23 24 25 Calling circles for data set 73:
disclose, remind, conscious, drilling, oman, pulling, biblical, stranger, champagne, sacrifice, catalyst, tear, consistency, tremendous, designation, belts, upgrading, cakes, daughters, stephanie, angola
highways
rolled
metres
kinase

1 
2 
8 
0 
1 
2 
3 
4 
5 
6 
7 
8 
10 
9 
10 
11 
12 
3 4 5 6 7 8 9 10 11 13 14 15 16 Calling circles for data set 74:
gossip
vertex
freeze
penguin
baths
likelihood
kinase
cliff
realtor
baking
renewable
rangers
chevy

20 16 6 23 21 18 15 2 5 10 17 1 0 
1 
2 
9 
7 
3 
24 
13 
4 
5 
6 
7 
8 
9 
10 
11 
12 
13 
14 
15 
16 
17 
18 
19 
20 
21 
22 
23 
24 
0 1 2 5 8 9 10 11 12 13 14 15 16 17 18 19 20 21 22 23 24 25 26 27 28 Calling circles for data set 75:
inbox, blacks, vagina, fraser, plots, hostel, dana, onion, neighbor, dozens, batman, rendering, phenomenon
cornwall
fairfield
shorter
mime
boutique
smilies
refrigerator
requesting
fears
peterson
collectors
derby

7 4 6 10 2 14 9 13 22 23 3 21 1 0 
1 
2 
3 
4 
5 
6 
7 
8 
9 
10 
11 
12 
13 
14 
15 
16 
17 
18 
19 
20 
21 
22 
23 
24 
0 1 2 3 4 5 6 7 8 9 10 11 12 13 14 15 16 17 18 19 20 21 22 23 24 Calling circles for data set 76:
wesley, bufing, msie, explosion, eval, hepatitis, homeless, survivor, aquatic, radios, cottages, hugh, joins, peripheral
cardiovascular
bite
kruger
incidents
pencil
finals
petite
mentor
carb
owns
intend

1 
9 2 3 7 4 5 10 6 8 12 0 
1 
2 
3 
4 
5 
6 
7 
8 
9 
10 
11 
12 
1 2 3 4 5 6 7 8 9 10 11 12 13 Calling circles for data set 77:
yugoslavia, guards, fleece, utilization, blocked, bibliographic, prefers, travelling, contributor, superintendent, motherboard
outputs
dependence

2 7 4 6 9 12 14 1 0 
1 
2 
3 
4 
16 
5 
6 
7 
8 
9 
10 
11 
12 
18 
13 
14 
15 
16 
17 
18 
19 
20 
21 
0 1 2 3 4 6 7 8 9 10 11 12 13 15 16 17 18 19 20 21 22 23 Calling circles for data set 78:
restrict, helmet, pierce, riders, ozone, journalist, hepatitis, cathedral, computed
differently
empirical
polyester
mods
abandoned
ping
engaging
compromise
newfoundland
maximize
dozens
onion
guru

3 6 11 2 10 14 4 9 13 8 1 0 
1 
2 
3 
4 
5 
6 
7 
8 
9 
10 
11 
12 
13 
14 
15 
16 
0 1 2 3 4 5 6 7 8 9 10 11 12 13 14 15 16 Calling circles for data set 79:
springer, courage, disciplinary, batman, parcel, commissions, continuously, velvet, distant, researcher, yang, suited
acne
destiny
supplemental
exec
beginners

17 19 16 9 14 15 5 7 20 10 18 11 13 21 8 6 3 4 2 1 0 
1 
2 
3 
4 
5 
6 
7 
8 
9 
10 
11 
12 
13 
14 
15 
16 
17 
18 
19 
20 
21 
0 1 2 3 4 5 6 7 8 9 10 11 12 13 14 15 16 17 18 19 20 21 Calling circles for data set 80:
riders, trader, palestine, adaptor, myth, pierce, owns, helmet, tariff, hitting, urls, inspections, brutal, decimal, declined, accomplish, denial, cult, invision, routines, dice
regression

2 11 12 5 13 7 9 16 3 17 4 8 14 1 0 
1 
2 
3 
4 
5 
10 
15 
6 
7 
8 
9 
10 
11 
12 
13 
14 
15 
16 
17 
0 1 2 3 4 5 8 9 10 11 12 13 14 15 16 17 18 19 Calling circles for data set 81:
electro, postcard, ladder, gossip, optimize, expired, introductory, afterwards, fuji, outputs, prefers, ensemble, belle, expiration, gasoline
purse
remind
belts

7 2 12 14 15 8 16 6 11 5 13 17 3 4 10 1 0 
1 
2 
3 
4 
5 
6 
7 
8 
9 
10 
11 
12 
13 
14 
15 
16 
17 
0 1 2 3 4 5 6 7 8 9 10 11 12 13 14 15 16 17 Calling circles for data set 82:
pastor, retrieval, belfast, contributor, jackie, celebs, clusters, purse, champagne, lighter, proudly, frontier, interpreted, refrigerator, undo, peripheral, oman
steal

2 4 5 10 7 9 13 6 1 0 
1 
2 
14 
12 
3 
4 
5 
6 
7 
8 
9 
10 
11 
12 
13 
14 
0 1 2 5 6 7 8 9 10 11 12 13 14 15 16 Calling circles for data set 83:
dressed, gibraltar, exclusion, cubic, scout, reporters, momentum, scenarios, courage, yale
shannon
cingular
clusters
verde
deadly

9 7 12 2 3 11 1 0 
1 
2 
3 
10 4 
5 
6 
7 
8 
9 
10 
11 
12 
0 1 2 3 4 5 6 7 8 9 10 11 12 Calling circles for data set 84:
muscles, doctrine, workout, investigators, spies, titled, cliff, reasoning
convertible, nitrogen
batman
survivor
sentences

4 1 
5 
8 
13 
7 
12 
2 0 
1 
2 
9 
3 
4 
5 
6 
7 
8 
9 
10 
11 
12 
13 
14 
6 7 8 10 11 12 13 14 15 16 17 18 19 20 21 Calling circles for data set 85:
religions, kyle
adaptive
coating
libs
slovak
logan
prostate
rouge
tsunami
seekers
finals
invision
momentum
divx

2 7 1 0 
1 
2 
4 
10 
13 
18 
3 
4 
5 
6 
7 
8 
9 
10 
11 
17 
12 
13 
14 
15 
16 
17 
18 
19 
0 1 2 7 8 9 10 11 12 13 14 15 17 18 19 20 21 22 23 24 Calling circles for data set 86:
chassis, bloody, hitachi, mpegs
cakes
crawford
entertaining
mime
desirable
orgasm
chevy
sally
moses
routines
malawi
cadillac
cage
maximize
obesity
conversations

1 
0 
1 
2 
3 
4 
5 
6 
7 
8 
9 
10 
11 
12 
13 
1 2 3 4 5 6 7 8 9 10 11 12 13 14 Calling circles for data set 87:
remainder
mixer
competent
holocaust
riders
sheriff
achievements
realtor
jake
sentences
commented
acne
terrain
circles

1 
0 
1 
2 
3 
4 
5 
6 
7 
8 
9 
10 
11 
12 
13 
1 2 3 4 5 6 7 8 9 10 11 12 13 14 Calling circles for data set 88:
requesting
metres
varies
weed
likewise
likelihood
sewing
employ
collectors
acrylic
waterproof
explosion
cingular
surprising

3 5 1 
13 
0 
1 
2 
3 
4 
5 
6 
7 
8 
9 
10 
11 
12 
13 
14 
15 
16 
2 3 4 5 6 7 8 9 10 11 12 13 14 15 16 17 18 Calling circles for data set 89:
emacs
ruled
writings
yemen
daughters
firewire
armor
cunt
dana
granny
organised
renewable
likewise
swift
impaired
stopping
longest

1 
0 
1 
2 
3 
4 
5 
1 2 3 4 5 6 Calling circles for data set 90:
numeric
kruger
idle
triumph
heel
aberdeen

4 3 2 1 0 
1 
2 
3 
4 
0 1 2 3 4 Calling circles for data set 91:
papua, casey, slovak, deaf, robertson

5 3 7 2 9 10 8 1 0 
1 
2 
3 
4 
5 
6 
7 
8 
9 
10 
11 
12 
0 1 2 3 4 5 6 7 8 9 10 11 12 Calling circles for data set 92:
undo, conclude, reasoning, hostels, nudity, beings, chargers, cove, vids
serbia
hungry
allowance
jewel

14 9 12 16 6 13 3 5 8 7 4 11 2 1 0 
1 
2 
3 
4 
5 
6 
7 
8 
9 
10 
11 
12 
13 
14 
15 
16 
0 1 2 3 4 5 6 7 8 9 10 11 12 13 14 15 16 Calling circles for data set 93:
alto, learners, radios, yugoslavia, sticks, smilies, cardiff, motherboard, climb, asus, contamination, wrapped, peterson, accompanying, advisors
charging
specializing

1 
3 6 8 0 
1 
2 
3 
4 
5 
6 
7 
8 
9 
10 
11 
1 2 3 4 5 6 7 8 9 10 11 12 Calling circles for data set 94:
nomination, wesley, yeast, denial
nominated
introductory
abraham
numeric
hash
researcher
usda
kinda

1 
0 
1 
2 
3 
4 
5 
6 
7 
8 
9 
10 
11 
12 
13 
14 
15 
16 
17 
18 
19 
20 
1 2 3 4 5 6 7 8 9 10 11 12 13 14 15 16 17 18 19 20 21 Calling circles for data set 95:
adrian
precisely
ping
reid
springer
religions
unnecessary
obesity
griffin
pipes
penetration
wiring
senegal
endangered
malawi
ballet
marvel
bloody
hierarchy
myth
selective

1 0 
1 
2 
3 
4 
5 
6 
7 
12 
8 
9 
22 
10 
11 
12 
13 
14 
15 
16 
17 
18 
19 
20 
21 
22 
23 
24 
0 1 2 3 4 5 6 7 9 10 12 13 14 15 16 17 18 19 20 21 22 23 24 25 26 Calling circles for data set 96:
editorials, whale
affair
suburban
spies
creatures
mustang
singh
granny
plots
hash
centered
variance
guards
armor
investigated
wrist
polished
alto
rolled
destiny
settle
cult
employ
pasta

16 9 13 19 5 6 18 8 14 20 12 17 7 22 15 2 3 4 10 1 0 
1 
2 
3 
4 
5 
6 
7 
8 
9 
10 
11 
12 
13 
14 
15 
16 
17 
18 
19 
20 
21 
22 
23 
0 1 2 3 4 5 6 7 8 9 10 11 12 13 14 15 16 17 18 19 20 21 22 23 Calling circles for data set 97:
disclose, emerald, dosage, nationally, velvet, scuba, highways, qualifying, pockets, yields, civilization, senegal, fascinating, vsnet, routines, educated, collectors, preston, editorials, salvation, msie
clearing
navigator
touring

0 
0 Calling circles for data set 98:
msie

1 
0 
1 
2 
3 
4 
1 2 3 4 5 Calling circles for data set 99:
flavor
colon
privilege
reforms
performs

1 
0 
1 
3 
2 
3 
4 
1 2 4 5 6 Calling circles for data set 100:
occupations
confidentiality
sorts
privilege
refugees
